Unable to scan documentation context default
java.util.regex.PatternSyntaxException: Dangling meta character '*' near index 2
/**/.*
  ^
	at java.base/java.util.regex.Pattern.error(Pattern.java:2015)
	at java.base/java.util.regex.Pattern.sequence(Pattern.java:2190)
	at java.base/java.util.regex.Pattern.expr(Pattern.java:2056)
	at java.base/java.util.regex.Pattern.compile(Pattern.java:1778)
	at java.base/java.util.regex.Pattern.<init>(Pattern.java:1427)
	at java.base/java.util.regex.Pattern.compile(Pattern.java:1068)
	at java.base/java.util.regex.Pattern.matches(Pattern.java:1173)
	at java.base/java.lang.String.matches(String.java:2024)
	at springfox.documentation.builders.PathSelectors$1.apply(PathSelectors.java:59)
	at springfox.documentation.builders.PathSelectors$1.apply(PathSelectors.java:56)
	at com.google.common.base.Predicates$AndPredicate.apply(Predicates.java:384)
	at com.google.common.collect.Iterators.indexOf(Iterators.java:729)
	at com.google.common.collect.Iterators.any(Iterators.java:641)
	at com.google.common.collect.Iterables.any(Iterables.java:603)
	at springfox.documentation.spring.web.plugins.ApiSelectorBuilder$1.apply(ApiSelectorBuilder.java:61)
	at springfox.documentation.spring.web.plugins.ApiSelectorBuilder$1.apply(ApiSelectorBuilder.java:58)
	at com.google.common.base.Predicates$AndPredicate.apply(Predicates.java:384)
	at com.google.common.collect.Iterators$6.computeNext(Iterators.java:617)
	at com.google.common.collect.AbstractIterator.tryToComputeNext(AbstractIterator.java:145)
	at com.google.common.collect.AbstractIterator.hasNext(AbstractIterator.java:140)
	at springfox.documentation.spring.web.scanners.ApiListingReferenceScanner.scan(ApiListingReferenceScanner.java:48)
	at springfox.documentation.spring.web.scanners.ApiDocumentationScanner.scan(ApiDocumentationScanner.java:67)
	at springfox.documentation.spring.web.plugins.DocumentationPluginsBootstrapper.scanDocumentation(DocumentationPluginsBootstrapper.java:101)
	at springfox.documentation.spring.web.plugins.DocumentationPluginsBootstrapper.start(DocumentationPluginsBootstrapper.java:167)
	at org.springframework.context.support.DefaultLifecycleProcessor.doStart(DefaultLifecycleProcessor.java:182)
	at org.springframework.context.support.DefaultLifecycleProcessor.access$200(DefaultLifecycleProcessor.java:53)
	at org.springframework.context.support.DefaultLifecycleProcessor$LifecycleGroup.start(DefaultLifecycleProcessor.java:360)
	at org.springframework.context.support.DefaultLifecycleProcessor.startBeans(DefaultLifecycleProcessor.java:158)
	at org.springframework.context.support.DefaultLifecycleProcessor.onRefresh(DefaultLifecycleProcessor.java:122)
	at org.springframework.context.support.AbstractApplicationContext.finishRefresh(AbstractApplicationContext.java:883)
	at org.springframework.boot.web.servlet.context.ServletWebServerApplicationContext.finishRefresh(ServletWebServerApplicationContext.java:161)
	at org.springframework.context.support.AbstractApplicationContext.refresh(AbstractApplicationContext.java:551)
	at org.springframework.boot.web.servlet.context.ServletWebServerApplicationContext.refresh(ServletWebServerApplicationContext.java:140)
	at org.springframework.boot.SpringApplication.refresh(SpringApplication.java:754)
	at org.springframework.boot.SpringApplication.refreshContext(SpringApplication.java:386)
	at org.springframework.boot.SpringApplication.run(SpringApplication.java:307)
	at org.springframework.boot.SpringApplication.run(SpringApplication.java:1242)
	at org.springframework.boot.SpringApplication.run(SpringApplication.java:1230)
	at com.yp.JxcApplication.main(JxcApplication.java:15)
	at java.base/jdk.internal.reflect.NativeMethodAccessorImpl.invoke0(Native Method)
	at java.base/jdk.internal.reflect.NativeMethodAccessorImpl.invoke(NativeMethodAccessorImpl.java:62)
	at java.base/jdk.internal.reflect.DelegatingMethodAccessorImpl.invoke(DelegatingMethodAccessorImpl.java:43)
	at java.base/java.lang.reflect.Method.invoke(Method.java:566)
	at org.springframework.boot.devtools.restart.RestartLauncher.run(RestartLauncher.java:49)
【登录功能】 根据用户名查询用户信息失败！！！username=adfdsf
